[2025-12-31 07:51:18] SUCCESS: Security settings updated
[2025-12-31 07:51:42] SUCCESS: Touch ID enabled - try: sudo ls
[2025-12-31 08:07:57] SUCCESS: System caches
[2025-12-31 08:07:57] SUCCESS: System temp files
[2025-12-31 08:07:57] SUCCESS: System crash reports
[2025-12-31 08:07:58] SUCCESS: System logs
[2025-12-31 08:08:03] SUCCESS: Browser code signature caches (3 items)
[2025-12-31 08:08:03] SUCCESS: System diagnostic logs
[2025-12-31 08:08:03] SUCCESS: Power logs
[2025-12-31 08:08:03] SUCCESS: Memory exception reports
[2025-12-31 08:08:03] SUCCESS: System diagnostic trace logs
[2026-01-03 11:10:03] SUCCESS: System caches
[2026-01-03 11:10:03] SUCCESS: System temp files
[2026-01-03 11:10:03] SUCCESS: System crash reports
[2026-01-03 11:10:03] SUCCESS: System logs
[2026-01-03 11:10:08] SUCCESS: Browser code signature caches (2 items)
[2026-01-03 11:10:10] SUCCESS: System diagnostic logs
[2026-01-03 11:10:11] SUCCESS: Power logs
[2026-01-03 11:10:11] SUCCESS: Memory exception reports
[2026-01-03 11:10:11] SUCCESS: System diagnostic trace logs
[2026-01-18 04:13:03] SUCCESS: System caches
[2026-01-18 04:13:03] SUCCESS: System temp files
[2026-01-18 04:13:04] SUCCESS: System crash reports
[2026-01-18 04:13:04] SUCCESS: System logs
[2026-01-18 04:13:09] SUCCESS: Browser code signature caches (1 items)
[2026-01-18 04:13:09] SUCCESS: System diagnostic logs
[2026-01-18 04:13:09] SUCCESS: System diagnostic trace logs
[2026-03-09 11:49:02] SUCCESS: System crash reports
[2026-03-09 11:49:09] SUCCESS: System crash reports
[2026-03-09 11:49:09] INFO: [DRY-RUN] Would sudo remove: /private/var/log/karabiner/virtual_hid_device_service.1.log
[2026-03-09 11:49:09] INFO: [DRY-RUN] Would sudo remove: /private/var/log/karabiner/virtual_hid_device_service.log
[2026-03-09 11:49:09] INFO: [DRY-RUN] Would sudo remove: /private/var/log/karabiner/core_service.log
[2026-03-09 11:49:09] INFO: [DRY-RUN] Would sudo remove: /private/var/log/powermanagement/2026.02.28.asl
[2026-03-09 11:49:09] INFO: [DRY-RUN] Would sudo remove: /private/var/log/powermanagement/2026.02.27.asl
[2026-03-09 11:49:09] INFO: [DRY-RUN] Would sudo remove: /private/var/log/powermanagement/2026.02.26.asl
[2026-03-09 11:49:09] INFO: [DRY-RUN] Would sudo remove: /private/var/log/powermanagement/2026.02.24.asl
[2026-03-09 11:49:09] INFO: [DRY-RUN] Would sudo remove: /private/var/log/powermanagement/2026.02.25.asl
[2026-03-09 11:49:09] INFO: [DRY-RUN] Would sudo remove: /private/var/log/powermanagement/2026.02.23.asl
[2026-03-09 11:49:09] INFO: [DRY-RUN] Would sudo remove: /private/var/log/asl/BB.2026.10.31.G80.asl
[2026-03-09 11:49:09] INFO: [DRY-RUN] Would sudo remove: /private/var/log/asl/BB.2026.09.30.G80.asl
[2026-03-09 11:49:09] INFO: [DRY-RUN] Would sudo remove: /private/var/log/asl/BB.2027.02.28.G80.asl
[2026-03-09 11:49:09] INFO: [DRY-RUN] Would sudo remove: /private/var/log/asl/BB.2026.12.31.G80.asl
[2026-03-09 11:49:09] INFO: [DRY-RUN] Would sudo remove: /private/var/log/asl/BB.2026.11.30.G80.asl
[2026-03-09 11:49:09] INFO: [DRY-RUN] Would sudo remove: /private/var/log/asl/BB.2027.01.31.G80.asl
[2026-03-09 11:49:09] SUCCESS: System logs
[2026-03-09 11:49:10] INFO: [DRY-RUN] Would sudo remove: /private/var/folders/yj/49dv79rj6kbbxlkp205q0kc80000gn/X/com.brave.Browser.code_sign_clone
[2026-03-09 11:49:10] INFO: [DRY-RUN] Would sudo remove: /private/var/folders/yj/49dv79rj6kbbxlkp205q0kc80000gn/X/com.google.Chrome.code_sign_clone
[2026-03-09 11:49:15] SUCCESS: Browser code signature caches, 2 items
[2026-03-09 11:49:15] INFO: [DRY-RUN] Would sudo remove: /private/var/db/diagnostics/logd.1.log
[2026-03-09 11:49:15] INFO: [DRY-RUN] Would sudo remove: /private/var/db/diagnostics/Special/0000000000006d5c.tracev3
[2026-03-09 11:49:15] INFO: [DRY-RUN] Would sudo remove: /private/var/db/diagnostics/Special/0000000000006da3.tracev3
[2026-03-09 11:49:15] INFO: [DRY-RUN] Would sudo remove: /private/var/db/diagnostics/Special/0000000000006d3a.tracev3
[2026-03-09 11:49:15] INFO: [DRY-RUN] Would sudo remove: /private/var/db/diagnostics/Special/0000000000006d2a.tracev3
[2026-03-09 11:49:15] INFO: [DRY-RUN] Would sudo remove: /private/var/db/diagnostics/Special/0000000000006c41.tracev3
[2026-03-09 11:49:15] INFO: [DRY-RUN] Would sudo remove: /private/var/db/diagnostics/Special/0000000000006c51.tracev3
[2026-03-09 11:49:15] INFO: [DRY-RUN] Would sudo remove: /private/var/db/diagnostics/Special/0000000000006d98.tracev3
[2026-03-09 11:49:15] INFO: [DRY-RUN] Would sudo remove: /private/var/db/diagnostics/Special/0000000000006cf3.tracev3
[2026-03-09 11:49:15] INFO: [DRY-RUN] Would sudo remove: /private/var/db/diagnostics/Special/0000000000006c4a.tracev3
[2026-03-09 11:49:15] INFO: [DRY-RUN] Would sudo remove: /private/var/db/diagnostics/Special/0000000000006d53.tracev3
[2026-03-09 11:49:15] INFO: [DRY-RUN] Would sudo remove: /private/var/db/diagnostics/Special/0000000000006cc7.tracev3
[2026-03-09 11:49:15] INFO: [DRY-RUN] Would sudo remove: /private/var/db/diagnostics/Special/0000000000006c1e.tracev3
[2026-03-09 11:49:15] INFO: [DRY-RUN] Would sudo remove: /private/var/db/diagnostics/Special/0000000000006c58.tracev3
[2026-03-09 11:49:15] INFO: [DRY-RUN] Would sudo remove: /private/var/db/diagnostics/Special/0000000000006d75.tracev3
[2026-03-09 11:49:15] INFO: [DRY-RUN] Would sudo remove: /private/var/db/diagnostics/Special/0000000000006d65.tracev3
[2026-03-09 11:49:15] INFO: [DRY-RUN] Would sudo remove: /private/var/db/diagnostics/Special/0000000000006d07.tracev3
[2026-03-09 11:49:15] INFO: [DRY-RUN] Would sudo remove: /private/var/db/diagnostics/Special/0000000000006ce5.tracev3
[2026-03-09 11:49:15] INFO: [DRY-RUN] Would sudo remove: /private/var/db/diagnostics/Special/0000000000006cd5.tracev3
[2026-03-09 11:49:15] INFO: [DRY-RUN] Would sudo remove: /private/var/db/diagnostics/Special/0000000000006c83.tracev3
[2026-03-09 11:49:15] INFO: [DRY-RUN] Would sudo remove: /private/var/db/diagnostics/Special/0000000000006c67.tracev3
[2026-03-09 11:49:15] INFO: [DRY-RUN] Would sudo remove: /private/var/db/diagnostics/Special/0000000000006c9c.tracev3
[2026-03-09 11:49:15] INFO: [DRY-RUN] Would sudo remove: /private/var/db/diagnostics/Special/0000000000006cee.tracev3
[2026-03-09 11:49:15] INFO: [DRY-RUN] Would sudo remove: /private/var/db/diagnostics/Special/0000000000006cde.tracev3
[2026-03-09 11:49:15] INFO: [DRY-RUN] Would sudo remove: /private/var/db/diagnostics/Special/0000000000006d91.tracev3
[2026-03-09 11:49:15] INFO: [DRY-RUN] Would sudo remove: /private/var/db/diagnostics/Special/0000000000006d6e.tracev3
[2026-03-09 11:49:15] INFO: [DRY-RUN] Would sudo remove: /private/var/db/diagnostics/Special/0000000000006d38.tracev3
[2026-03-09 11:49:15] INFO: [DRY-RUN] Would sudo remove: /private/var/db/diagnostics/Special/0000000000006c49.tracev3
[2026-03-09 11:49:15] INFO: [DRY-RUN] Would sudo remove: /private/var/db/diagnostics/Special/0000000000006ce4.tracev3
[2026-03-09 11:49:15] INFO: [DRY-RUN] Would sudo remove: /private/var/db/diagnostics/Special/0000000000006ced.tracev3
[2026-03-09 11:49:15] INFO: [DRY-RUN] Would sudo remove: /private/var/db/diagnostics/Special/0000000000006ccf.tracev3
[2026-03-09 11:49:15] INFO: [DRY-RUN] Would sudo remove: /private/var/db/diagnostics/Special/0000000000006d39.tracev3
[2026-03-09 11:49:15] INFO: [DRY-RUN] Would sudo remove: /private/var/db/diagnostics/Special/0000000000006d80.tracev3
[2026-03-09 11:49:15] INFO: [DRY-RUN] Would sudo remove: /private/var/db/diagnostics/Special/0000000000006d7d.tracev3
[2026-03-09 11:49:16] INFO: [DRY-RUN] Would sudo remove: /private/var/db/diagnostics/Special/0000000000006d4b.tracev3
[2026-03-09 11:49:16] INFO: [DRY-RUN] Would sudo remove: /private/var/db/diagnostics/Special/0000000000006d5b.tracev3
[2026-03-09 11:49:16] INFO: [DRY-RUN] Would sudo remove: /private/var/db/diagnostics/Special/0000000000006c40.tracev3
[2026-03-09 11:49:16] INFO: [DRY-RUN] Would sudo remove: /private/var/db/diagnostics/Special/0000000000006cf2.tracev3
[2026-03-09 11:49:16] INFO: [DRY-RUN] Would sudo remove: /private/var/db/diagnostics/Special/0000000000006d89.tracev3
[2026-03-09 11:49:16] INFO: [DRY-RUN] Would sudo remove: /private/var/db/diagnostics/Special/0000000000006d52.tracev3
[2026-03-09 11:49:16] INFO: [DRY-RUN] Would sudo remove: /private/var/db/diagnostics/Special/0000000000006ce6.tracev3
[2026-03-09 11:49:16] INFO: [DRY-RUN] Would sudo remove: /private/var/db/diagnostics/Special/0000000000006cd6.tracev3
[2026-03-09 11:49:16] INFO: [DRY-RUN] Would sudo remove: /private/var/db/diagnostics/Special/0000000000006d66.tracev3
[2026-03-09 11:49:16] INFO: [DRY-RUN] Would sudo remove: /private/var/db/diagnostics/Special/0000000000006ccd.tracev3
[2026-03-09 11:49:16] INFO: [DRY-RUN] Would sudo remove: /private/var/db/diagnostics/Special/0000000000006d92.tracev3
[2026-03-09 11:49:16] INFO: [DRY-RUN] Would sudo remove: /private/var/db/diagnostics/Special/0000000000006d82.tracev3
[2026-03-09 11:49:16] INFO: [DRY-RUN] Would sudo remove: /private/var/db/diagnostics/Special/0000000000006cdf.tracev3
[2026-03-09 11:49:16] INFO: [DRY-RUN] Would sudo remove: /private/var/db/diagnostics/Special/0000000000006d59.tracev3
[2026-03-09 11:49:16] INFO: [DRY-RUN] Would sudo remove: /private/var/db/diagnostics/Special/0000000000006c42.tracev3
[2026-03-09 11:49:16] INFO: [DRY-RUN] Would sudo remove: /private/var/db/diagnostics/Special/0000000000006c52.tracev3
[2026-03-09 11:49:16] INFO: [DRY-RUN] Would sudo remove: /private/var/db/diagnostics/Special/0000000000006d3b.tracev3
[2026-03-09 11:49:16] INFO: [DRY-RUN] Would sudo remove: /private/var/db/diagnostics/Special/0000000000006d2b.tracev3
[2026-03-09 11:49:16] INFO: [DRY-RUN] Would sudo remove: /private/var/db/diagnostics/Special/0000000000006da0.tracev3
[2026-03-09 11:49:16] INFO: [DRY-RUN] Would sudo remove: /private/var/db/diagnostics/Special/0000000000006c99.tracev3
[2026-03-09 11:49:16] INFO: [DRY-RUN] Would sudo remove: /private/var/db/diagnostics/Special/0000000000006c30.tracev3
[2026-03-09 11:49:16] INFO: [DRY-RUN] Would sudo remove: /private/var/db/diagnostics/Special/0000000000006d32.tracev3
[2026-03-09 11:49:16] INFO: [DRY-RUN] Would sudo remove: /private/var/db/diagnostics/Special/0000000000006c4b.tracev3
[2026-03-09 11:49:16] INFO: [DRY-RUN] Would sudo remove: /private/var/db/diagnostics/Special/0000000000006c5b.tracev3
[2026-03-09 11:49:16] INFO: [DRY-RUN] Would sudo remove: /private/var/db/diagnostics/Special/0000000000006da1.tracev3
[2026-03-09 11:49:16] INFO: [DRY-RUN] Would sudo remove: /private/var/db/diagnostics/Special/0000000000006d4a.tracev3
[2026-03-09 11:49:16] INFO: [DRY-RUN] Would sudo remove: /private/var/db/diagnostics/Special/0000000000006c5c.tracev3
[2026-03-09 11:49:16] INFO: [DRY-RUN] Would sudo remove: /private/var/db/diagnostics/Special/0000000000006c4c.tracev3
[2026-03-09 11:49:16] INFO: [DRY-RUN] Would sudo remove: /private/var/db/diagnostics/Special/0000000000006d23.tracev3
[2026-03-09 11:49:16] INFO: [DRY-RUN] Would sudo remove: /private/var/db/diagnostics/Special/0000000000006d33.tracev3
[2026-03-09 11:49:16] INFO: [DRY-RUN] Would sudo remove: /private/var/db/diagnostics/Special/0000000000006da8.tracev3
[2026-03-09 11:49:16] INFO: [DRY-RUN] Would sudo remove: /private/var/db/diagnostics/Special/0000000000006d77.tracev3
[2026-03-09 11:49:16] INFO: [DRY-RUN] Would sudo remove: /private/var/db/diagnostics/Special/0000000000006d8c.tracev3
[2026-03-09 11:49:16] INFO: [DRY-RUN] Would sudo remove: /private/var/db/diagnostics/Special/0000000000006cce.tracev3
[2026-03-09 11:49:16] INFO: [DRY-RUN] Would sudo remove: /private/var/db/diagnostics/Special/0000000000006c9a.tracev3
[2026-03-09 11:49:16] INFO: [DRY-RUN] Would sudo remove: /private/var/db/diagnostics/Special/0000000000006d58.tracev3
[2026-03-09 11:49:16] INFO: [DRY-RUN] Would sudo remove: /private/var/db/diagnostics/Special/0000000000006d48.tracev3
[2026-03-09 11:49:16] INFO: [DRY-RUN] Would sudo remove: /private/var/db/diagnostics/Special/0000000000006c65.tracev3
[2026-03-09 11:49:16] INFO: [DRY-RUN] Would sudo remove: /private/var/db/diagnostics/Special/0000000000006d86.tracev3
[2026-03-09 11:49:16] INFO: [DRY-RUN] Would sudo remove: /private/var/db/diagnostics/Special/0000000000006d6b.tracev3
[2026-03-09 11:49:16] INFO: [DRY-RUN] Would sudo remove: /private/var/db/diagnostics/Special/0000000000006c70.tracev3
[2026-03-09 11:49:16] INFO: [DRY-RUN] Would sudo remove: /private/var/db/diagnostics/Special/0000000000006ceb.tracev3
[2026-03-09 11:49:16] INFO: [DRY-RUN] Would sudo remove: /private/var/db/diagnostics/Special/0000000000006cdb.tracev3
[2026-03-09 11:49:16] INFO: [DRY-RUN] Would sudo remove: /private/var/db/diagnostics/Special/0000000000006c9d.tracev3
[2026-03-09 11:49:16] INFO: [DRY-RUN] Would sudo remove: /private/var/db/diagnostics/Special/0000000000006ce2.tracev3
[2026-03-09 11:49:16] INFO: [DRY-RUN] Would sudo remove: /private/var/db/diagnostics/Special/0000000000006cd2.tracev3
[2026-03-09 11:49:16] INFO: [DRY-RUN] Would sudo remove: /private/var/db/diagnostics/Special/0000000000006d72.tracev3
[2026-03-09 11:49:16] INFO: [DRY-RUN] Would sudo remove: /private/var/db/diagnostics/Special/0000000000006d62.tracev3
[2026-03-09 11:49:16] INFO: [DRY-RUN] Would sudo remove: /private/var/db/diagnostics/Special/0000000000006d44.tracev3
[2026-03-09 11:49:16] INFO: [DRY-RUN] Would sudo remove: /private/var/db/diagnostics/Special/0000000000006c3d.tracev3
[2026-03-09 11:49:16] INFO: [DRY-RUN] Would sudo remove: /private/var/db/diagnostics/Special/0000000000006cf4.tracev3
[2026-03-09 11:49:16] INFO: [DRY-RUN] Would sudo remove: /private/var/db/diagnostics/Special/0000000000006c4f.tracev3
[2026-03-09 11:49:16] INFO: [DRY-RUN] Would sudo remove: /private/var/db/diagnostics/Special/0000000000006cc9.tracev3
[2026-03-09 11:49:16] INFO: [DRY-RUN] Would sudo remove: /private/var/db/diagnostics/Special/0000000000006c46.tracev3
[2026-03-09 11:49:16] INFO: [DRY-RUN] Would sudo remove: /private/var/db/diagnostics/Special/0000000000006c56.tracev3
[2026-03-09 11:49:16] INFO: [DRY-RUN] Would sudo remove: /private/var/db/diagnostics/Special/0000000000006d09.tracev3
[2026-03-09 11:49:16] INFO: [DRY-RUN] Would sudo remove: /private/var/db/diagnostics/Special/0000000000006d5d.tracev3
[2026-03-09 11:49:16] INFO: [DRY-RUN] Would sudo remove: /private/var/db/diagnostics/Special/0000000000006d45.tracev3
[2026-03-09 11:49:16] INFO: [DRY-RUN] Would sudo remove: /private/var/db/diagnostics/Special/0000000000006d55.tracev3
[2026-03-09 11:49:16] INFO: [DRY-RUN] Would sudo remove: /private/var/db/diagnostics/Special/0000000000006d37.tracev3
[2026-03-09 11:49:17] INFO: [DRY-RUN] Would sudo remove: /private/var/db/diagnostics/Special/0000000000006c57.tracev3
[2026-03-09 11:49:17] INFO: [DRY-RUN] Would sudo remove: /private/var/db/diagnostics/Special/0000000000006c47.tracev3
[2026-03-09 11:49:17] INFO: [DRY-RUN] Would sudo remove: /private/var/db/diagnostics/Special/0000000000006d08.tracev3
[2026-03-09 11:49:17] INFO: [DRY-RUN] Would sudo remove: /private/var/db/diagnostics/Special/0000000000006d97.tracev3
[2026-03-09 11:49:17] INFO: [DRY-RUN] Would sudo remove: /private/var/db/diagnostics/Special/0000000000006d6c.tracev3
[2026-03-09 11:49:17] INFO: [DRY-RUN] Would sudo remove: /private/var/db/diagnostics/Special/0000000000006cdc.tracev3
[2026-03-09 11:49:17] INFO: [DRY-RUN] Would sudo remove: /private/var/db/diagnostics/Special/0000000000006cd3.tracev3
[2026-03-09 11:49:17] INFO: [DRY-RUN] Would sudo remove: /private/var/db/diagnostics/Special/0000000000006d63.tracev3
[2026-03-09 11:49:17] INFO: [DRY-RUN] Would sudo remove: /private/var/db/diagnostics/Special/0000000000006cc1.tracev3
[2026-03-09 11:49:17] INFO: [DRY-RUN] Would sudo remove: /private/var/db/diagnostics/Special/0000000000006d35.tracev3
[2026-03-09 11:49:17] INFO: [DRY-RUN] Would sudo remove: /private/var/db/diagnostics/Special/0000000000006c4e.tracev3
[2026-03-09 11:49:17] INFO: [DRY-RUN] Would sudo remove: /private/var/db/diagnostics/Special/0000000000006d57.tracev3
[2026-03-09 11:49:17] INFO: [DRY-RUN] Would sudo remove: /private/var/db/diagnostics/Special/0000000000006d47.tracev3
[2026-03-09 11:49:17] INFO: [DRY-RUN] Would sudo remove: /private/var/db/diagnostics/Special/0000000000006ce8.tracev3
[2026-03-09 11:49:17] INFO: [DRY-RUN] Would sudo remove: /private/var/db/diagnostics/Special/0000000000006d68.tracev3
[2026-03-09 11:49:17] INFO: [DRY-RUN] Would sudo remove: /private/var/db/diagnostics/Special/0000000000006d78.tracev3
[2026-03-09 11:49:17] INFO: [DRY-RUN] Would sudo remove: /private/var/db/diagnostics/Special/0000000000006c45.tracev3
[2026-03-09 11:49:17] INFO: [DRY-RUN] Would sudo remove: /private/var/db/diagnostics/Special/0000000000006c55.tracev3
[2026-03-09 11:49:17] INFO: [DRY-RUN] Would sudo remove: /private/var/db/diagnostics/Special/0000000000006d3e.tracev3
[2026-03-09 11:49:17] INFO: [DRY-RUN] Would sudo remove: /private/var/db/diagnostics/Special/0000000000006da7.tracev3
[2026-03-09 11:49:17] INFO: [DRY-RUN] Would sudo remove: /private/var/db/diagnostics/Special/0000000000006d0c.tracev3
[2026-03-09 11:49:17] INFO: [DRY-RUN] Would sudo remove: /private/var/db/diagnostics/Special/0000000000006cea.tracev3
[2026-03-09 11:49:17] INFO: [DRY-RUN] Would sudo remove: /private/var/db/diagnostics/Special/0000000000006c63.tracev3
[2026-03-09 11:49:17] INFO: [DRY-RUN] Would sudo remove: /private/var/db/diagnostics/Special/0000000000006ccc.tracev3
[2026-03-09 11:49:17] INFO: [DRY-RUN] Would sudo remove: /private/var/db/diagnostics/Special/0000000000006d7a.tracev3
[2026-03-09 11:49:17] INFO: [DRY-RUN] Would sudo remove: /private/var/db/diagnostics/Special/0000000000006d85.tracev3
[2026-03-09 11:49:17] INFO: [DRY-RUN] Would sudo remove: /private/var/db/diagnostics/Special/0000000000006d61.tracev3
[2026-03-09 11:49:17] INFO: [DRY-RUN] Would sudo remove: /private/var/db/diagnostics/Special/0000000000006d9e.tracev3
[2026-03-09 11:49:17] INFO: [DRY-RUN] Would sudo remove: /private/var/db/diagnostics/Special/0000000000006c97.tracev3
[2026-03-09 11:49:17] INFO: [DRY-RUN] Would sudo remove: /private/var/db/diagnostics/Special/0000000000006c9f.tracev3
[2026-03-09 11:49:17] INFO: [DRY-RUN] Would sudo remove: /private/var/db/diagnostics/Special/0000000000006c62.tracev3
[2026-03-09 11:49:17] INFO: [DRY-RUN] Would sudo remove: /private/var/db/diagnostics/Special/0000000000006d94.tracev3
[2026-03-09 11:49:17] INFO: [DRY-RUN] Would sudo remove: /private/var/db/diagnostics/Special/0000000000006d9d.tracev3
[2026-03-09 11:49:17] INFO: [DRY-RUN] Would sudo remove: /private/var/db/diagnostics/Special/0000000000006c5d.tracev3
[2026-03-09 11:49:17] INFO: [DRY-RUN] Would sudo remove: /private/var/db/diagnostics/Special/0000000000006d34.tracev3
[2026-03-09 11:49:17] INFO: [DRY-RUN] Would sudo remove: /private/var/db/diagnostics/Special/0000000000006d46.tracev3
[2026-03-09 11:49:17] INFO: [DRY-RUN] Would sudo remove: /private/var/db/diagnostics/Special/0000000000006d56.tracev3
[2026-03-09 11:49:17] INFO: [DRY-RUN] Would sudo remove: /private/var/db/diagnostics/Special/0000000000006c3f.tracev3
[2026-03-09 11:49:17] INFO: [DRY-RUN] Would sudo remove: /private/var/db/diagnostics/Special/0000000000006c2f.tracev3
[2026-03-09 11:49:17] INFO: [DRY-RUN] Would sudo remove: /private/var/db/diagnostics/Special/0000000000006d4f.tracev3
[2026-03-09 11:49:17] INFO: [DRY-RUN] Would sudo remove: /private/var/db/diagnostics/Special/0000000000006d5f.tracev3
[2026-03-09 11:49:17] INFO: [DRY-RUN] Would sudo remove: /private/var/db/diagnostics/Special/0000000000006d2d.tracev3
[2026-03-09 11:49:17] INFO: [DRY-RUN] Would sudo remove: /private/var/db/diagnostics/Special/0000000000006da6.tracev3
[2026-03-09 11:49:17] INFO: [DRY-RUN] Would sudo remove: /private/var/db/diagnostics/Special/0000000000006c54.tracev3
[2026-03-09 11:49:17] INFO: [DRY-RUN] Would sudo remove: /private/var/db/diagnostics/Special/0000000000006c44.tracev3
[2026-03-09 11:49:17] INFO: [DRY-RUN] Would sudo remove: /private/var/db/diagnostics/Special/0000000000006d69.tracev3
[2026-03-09 11:49:17] INFO: [DRY-RUN] Would sudo remove: /private/var/db/diagnostics/diagnosticd.0.log
[2026-03-09 11:49:17] INFO: [DRY-RUN] Would sudo remove: /private/var/db/diagnostics/timesync/0000000000000030.timesync
[2026-03-09 11:49:17] INFO: [DRY-RUN] Would sudo remove: /private/var/db/diagnostics/timesync/0000000000000031.timesync
[2026-03-09 11:49:17] INFO: [DRY-RUN] Would sudo remove: /private/var/db/diagnostics/timesync/000000000000002c.timesync
[2026-03-09 11:49:17] INFO: [DRY-RUN] Would sudo remove: /private/var/db/diagnostics/timesync/000000000000002e.timesync
[2026-03-09 11:49:17] INFO: [DRY-RUN] Would sudo remove: /private/var/db/diagnostics/timesync/000000000000002d.timesync
[2026-03-09 11:49:17] INFO: [DRY-RUN] Would sudo remove: /private/var/db/diagnostics/timesync/0000000000000032.timesync
[2026-03-09 11:49:17] INFO: [DRY-RUN] Would sudo remove: /private/var/db/diagnostics/timesync/000000000000002f.timesync
[2026-03-09 11:49:17] INFO: [DRY-RUN] Would sudo remove: /private/var/db/diagnostics/roles.plist
[2026-03-09 11:49:18] INFO: [DRY-RUN] Would sudo remove: /private/var/db/DiagnosticPipeline/DRSTaskingDataModel.sqlite
[2026-03-09 11:49:18] INFO: [DRY-RUN] Would sudo remove: /private/var/db/DiagnosticPipeline/DRSCKConfigModel.sqlite
[2026-03-09 11:49:18] INFO: [DRY-RUN] Would sudo remove: /private/var/db/DiagnosticPipeline/DRSTaskingDataModel.sqlite-wal
[2026-03-09 11:49:18] INFO: [DRY-RUN] Would sudo remove: /private/var/db/DiagnosticPipeline/DRSDataModel.sqlite-wal
[2026-03-09 11:49:18] INFO: [DRY-RUN] Would sudo remove: /private/var/db/DiagnosticPipeline/DRSDataModel.sqlite
[2026-03-09 11:49:18] SUCCESS: System diagnostic logs
[2026-03-09 11:49:18] INFO: [DRY-RUN] Would sudo remove: /private/var/db/powerlog/Library/BatteryLife/Debug/BatteryUI.plist
[2026-03-09 11:49:18] INFO: [DRY-RUN] Would sudo remove: /private/var/db/powerlog/Library/PerfPowerTelemetry/XcodeOrganizer/CurrentXcodeOrganizerDB.XCSQL
[2026-03-09 11:49:18] SUCCESS: Power logs
[2026-03-09 13:46:29] SUCCESS: System crash reports
[2026-03-09 13:46:31] SUCCESS: System logs
[2026-03-09 13:46:36] SUCCESS: Browser code signature caches, 2 items
[2026-03-09 13:46:46] SUCCESS: System diagnostic logs
[2026-03-09 13:46:46] SUCCESS: Power logs
